<?xml version="1.0" encoding="UTF-8"?>
<!-- Generated by org.testng.reporters.JUnitReportReporter -->
<testsuite hostname="LAPTOP-BBP419K3" failures="0" tests="1" name="com.comcast.crm.orgtest.CreateOrgWithPhoneNumberTest" time="13.026" errors="0" timestamp="27 Jun 2024 04:59:58 GMT" skipped="0">
  <testcase classname="com.comcast.crm.orgtest.CreateOrgWithPhoneNumberTest" name="CreateOrgWithPhoneNumberTest" time="13.026"/>
</testsuite> <!-- com.comcast.crm.orgtest.CreateOrgWithPhoneNumberTest -->
