<?xml version="1.0" encoding="UTF-8"?>
<!-- Generated by org.testng.reporters.JUnitReportReporter -->
<testsuite hostname="LAPTOP-BBP419K3" failures="0" tests="1" name="com.comcast.crm.contacttest.CreateContactWithSupportDateTest" time="31.718" errors="0" timestamp="26 Jun 2024 18:53:49 GMT" skipped="0">
  <testcase classname="com.comcast.crm.contacttest.CreateContactWithSupportDateTest" name="CreateContactWithSupportDateTest" time="31.718"/>
</testsuite> <!-- com.comcast.crm.contacttest.CreateContactWithSupportDateTest -->
