<?xml version="1.0" encoding="UTF-8"?>
<!-- Generated by org.testng.reporters.JUnitReportReporter -->
<testsuite hostname="LAPTOP-BBP419K3" failures="0" tests="1" name="com.comcast.crm.contacttest.CreateContactWithOrg" time="20.929" errors="0" timestamp="29 Jun 2024 05:14:45 GMT" skipped="0">
  <testcase classname="com.comcast.crm.contacttest.CreateContactWithOrg" name="createcontactwithorgtest" time="20.929"/>
</testsuite> <!-- com.comcast.crm.contacttest.CreateContactWithOrg -->
